<?xml version="1.0" encoding="UTF-8"?>
<!-- Generated by org.testng.reporters.JUnitReportReporter -->
<testsuite hostname="ASHKOL" failures="0" tests="1" name="testCases.TC0005_AddMultipleProductsToCartTest" time="6.674" errors="0" timestamp="2025-08-08T00:00:42 IST" skipped="0">
  <testcase classname="testCases.TC0005_AddMultipleProductsToCartTest" name="addMultipleToCartFromLaptopsAndNoteBook" time="6.674"/>
</testsuite> <!-- testCases.TC0005_AddMultipleProductsToCartTest -->
