<?xml version="1.0" encoding="UTF-8"?>
<!-- Generated by org.testng.reporters.JUnitReportReporter -->
<testsuite hostname="ASHKOL" failures="0" tests="1" name="testCases.RegisterFunctionality.TC012_ReigsterUsingKeyboardKeys" time="11.694" errors="0" timestamp="2025-08-22T14:14:51 IST" skipped="0">
  <testcase classname="testCases.RegisterFunctionality.TC012_ReigsterUsingKeyboardKeys" name="registerUsingKeyboardKeys" time="11.694"/>
</testsuite> <!-- testCases.RegisterFunctionality.TC012_ReigsterUsingKeyboardKeys -->
