<?xml version="1.0" encoding="UTF-8"?>
<!-- Generated by org.testng.reporters.JUnitReportReporter -->
<testsuite hostname="ASHKOL" failures="0" tests="1" name="testCases.RegisterFunctionality.TC026_VerifyReisterPageWholeUI" time="1.668" errors="0" timestamp="2025-08-28T17:51:06 IST" skipped="0">
  <testcase classname="testCases.RegisterFunctionality.TC026_VerifyReisterPageWholeUI" name="verifyPageUrlBreadCrumbTitleHeading" time="1.668"/>
</testsuite> <!-- testCases.RegisterFunctionality.TC026_VerifyReisterPageWholeUI -->
