<?xml version="1.0" encoding="UTF-8"?>
<!-- Generated by org.testng.reporters.JUnitReportReporter -->
<testsuite hostname="ASHKOL" failures="0" tests="1" name="testCases.RegisterFunctionality.TC022_CheckIfPasswordInputIsHidden" time="1.001" errors="0" timestamp="2025-08-27T18:24:34 IST" skipped="0">
  <testcase classname="testCases.RegisterFunctionality.TC022_CheckIfPasswordInputIsHidden" name="passwordInputIsHidden" time="1.001"/>
</testsuite> <!-- testCases.RegisterFunctionality.TC022_CheckIfPasswordInputIsHidden -->
