<?xml version="1.0" encoding="UTF-8"?>
<!-- Generated by org.testng.reporters.JUnitReportReporter -->
<testsuite hostname="ASHKOL" failures="0" tests="1" name="testCases.TC0002_AccountLogin" time="1.791" errors="0" timestamp="2025-07-10T16:10:15 IST" skipped="0">
  <testcase classname="testCases.TC0002_AccountLogin" name="accountLogin" time="1.791"/>
</testsuite> <!-- testCases.TC0002_AccountLogin -->
