<?xml version="1.0" encoding="UTF-8"?>
<!-- Generated by org.testng.reporters.JUnitReportReporter -->
<testsuite hostname="ASHKOL" failures="0" tests="1" name="testCases.RegisterFunctionality.TC023_CheckAllLinksAvailableOnRegisterPage" time="2.600" errors="0" timestamp="2025-08-28T13:32:06 IST" skipped="0">
  <testcase classname="testCases.RegisterFunctionality.TC023_CheckAllLinksAvailableOnRegisterPage" name="validateAllLinksOnRegisterPage" time="2.600"/>
</testsuite> <!-- testCases.RegisterFunctionality.TC023_CheckAllLinksAvailableOnRegisterPage -->
