<?xml version="1.0" encoding="UTF-8"?>
<!-- Generated by org.testng.reporters.JUnitReportReporter -->
<testsuite hostname="ASHKOL" failures="0" tests="1" name="testCases.LoginTests" time="8.071" errors="0" timestamp="2025-09-05T17:07:18 IST" skipped="0">
  <testcase classname="testCases.LoginTests" name="verifyLoginUsingKeyboardKeys" time="8.071"/>
</testsuite> <!-- testCases.LoginTests -->
