<?xml version="1.0" encoding="UTF-8"?>
<!-- Generated by org.testng.reporters.JUnitReportReporter -->
<testsuite hostname="ASHKOL" failures="0" tests="1" name="testCases.TC0005_AddMultipleProductsToCartTest" time="8.022" errors="0" timestamp="2025-07-12T20:29:20 IST" skipped="0">
  <testcase classname="testCases.TC0005_AddMultipleProductsToCartTest" name="addMultipleToCartFromLaptopsAndNoteBook" time="8.022"/>
</testsuite> <!-- testCases.TC0005_AddMultipleProductsToCartTest -->
