<?xml version="1.0" encoding="UTF-8"?>
<!-- Generated by org.testng.reporters.JUnitReportReporter -->
<testsuite hostname="ASHKOL" failures="0" tests="4" name="testCases.RegisterFunctionality.TC016_PasswordComplexityStandard" time="6.321" errors="0" timestamp="2025-08-24T20:51:38 IST" skipped="0">
  <testcase classname="testCases.RegisterFunctionality.TC016_PasswordComplexityStandard" name="passwordComplexityStandard" time="1.222"/>
  <testcase classname="testCases.RegisterFunctionality.TC016_PasswordComplexityStandard" name="passwordComplexityStandard" time="1.509"/>
  <testcase classname="testCases.RegisterFunctionality.TC016_PasswordComplexityStandard" name="passwordComplexityStandard" time="2.174"/>
  <testcase classname="testCases.RegisterFunctionality.TC016_PasswordComplexityStandard" name="passwordComplexityStandard" time="1.416"/>
</testsuite> <!-- testCases.RegisterFunctionality.TC016_PasswordComplexityStandard -->
