<?xml version="1.0" encoding="UTF-8"?>
<!-- Generated by org.testng.reporters.JUnitReportReporter -->
<testsuite hostname="ASHKOL" failures="0" tests="1" name="testCases.LoginTests" time="6.917" errors="0" timestamp="2025-09-05T20:34:05 IST" skipped="0">
  <testcase classname="testCases.LoginTests" name="verifyEmailandPasswordFieldsPlaceHolderText" time="6.917"/>
</testsuite> <!-- testCases.LoginTests -->
