<?xml version="1.0" encoding="UTF-8"?>
<!-- Generated by org.testng.reporters.JUnitReportReporter -->
<testsuite hostname="ASHKOL" failures="0" tests="1" name="testCases.LoginTests" time="1.521" errors="0" timestamp="2025-09-05T14:50:27 IST" skipped="0">
  <testcase classname="testCases.LoginTests" name="loginAccountUsingValidEmailandInvalidPwd" time="1.521"/>
</testsuite> <!-- testCases.LoginTests -->
