<?xml version="1.0" encoding="UTF-8"?>
<!-- Generated by org.testng.reporters.JUnitReportReporter -->
<testsuite hostname="ASHKOL" failures="0" tests="1" name="testCases.TC0001_AccountRegistrationTest" time="2.804" errors="0" timestamp="2025-08-11T16:28:34 IST" skipped="0">
  <testcase classname="testCases.TC0001_AccountRegistrationTest" name="accountRegistraion" time="2.804"/>
</testsuite> <!-- testCases.TC0001_AccountRegistrationTest -->
