<?xml version="1.0" encoding="UTF-8"?>
<!-- Generated by org.testng.reporters.JUnitReportReporter -->
<testsuite hostname="ASHKOL" failures="0" tests="1" name="testCases.RegisterFunctionality.TC020_VerifyPrivacyPolicyisSelected" time="0.956" errors="0" timestamp="2025-08-26T17:27:05 IST" skipped="0">
  <testcase classname="testCases.RegisterFunctionality.TC020_VerifyPrivacyPolicyisSelected" name="accountRegistraion" time="0.956"/>
</testsuite> <!-- testCases.RegisterFunctionality.TC020_VerifyPrivacyPolicyisSelected -->
