<?xml version="1.0" encoding="UTF-8"?>
<!-- Generated by org.testng.reporters.JUnitReportReporter -->
<testsuite hostname="ASHKOL" failures="0" tests="1" name="testCases.RegisterFunctionality.TC011_Register_Invalid_PoneNumber" time="1.647" errors="0" timestamp="2025-08-22T12:32:45 IST" skipped="0">
  <testcase classname="testCases.RegisterFunctionality.TC011_Register_Invalid_PoneNumber" name="registerWithInvalidPhoneNumber" time="1.647"/>
</testsuite> <!-- testCases.RegisterFunctionality.TC011_Register_Invalid_PoneNumber -->
