<?xml version="1.0" encoding="UTF-8"?>
<!-- Generated by org.testng.reporters.JUnitReportReporter -->
<testsuite hostname="ASHKOL" failures="0" tests="1" name="testCases.RegisterFunctionality.TC025_VerifyPage_Url_BreadCrumb_Title_Heading" time="1.098" errors="0" timestamp="2025-08-28T16:56:55 IST" skipped="0">
  <testcase classname="testCases.RegisterFunctionality.TC025_VerifyPage_Url_BreadCrumb_Title_Heading" name="verifyPageUrlBreadCrumbTitleHeading" time="1.098"/>
</testsuite> <!-- testCases.RegisterFunctionality.TC025_VerifyPage_Url_BreadCrumb_Title_Heading -->
