<?xml version="1.0" encoding="UTF-8"?>
<!-- Generated by org.testng.reporters.JUnitReportReporter -->
<testsuite hostname="ASHKOL" failures="0" tests="1" name="testCases.RegisterFunctionality.TC014_CheckifAstreixIsPresentForMandatoryFields" time="1.066" errors="0" timestamp="2025-08-22T17:24:28 IST" skipped="0">
  <testcase classname="testCases.RegisterFunctionality.TC014_CheckifAstreixIsPresentForMandatoryFields" name="registerWithInvalidPhoneNumber" time="1.066"/>
</testsuite> <!-- testCases.RegisterFunctionality.TC014_CheckifAstreixIsPresentForMandatoryFields -->
