<?xml version="1.0" encoding="UTF-8"?>
<!-- Generated by org.testng.reporters.JUnitReportReporter -->
<testsuite hostname="ASHKOL" failures="0" tests="1" name="testCases.RegisterFunctionality.TC021_CheckValidMessageforUncheckedPrivacyPolicy" time="2.273" errors="0" timestamp="2025-08-26T17:46:31 IST" skipped="0">
  <testcase classname="testCases.RegisterFunctionality.TC021_CheckValidMessageforUncheckedPrivacyPolicy" name="checkValidMessageforUncheckedPrivacyPolicy" time="2.273"/>
</testsuite> <!-- testCases.RegisterFunctionality.TC021_CheckValidMessageforUncheckedPrivacyPolicy -->
