<?xml version="1.0" encoding="UTF-8"?>
<!-- Generated by org.testng.reporters.JUnitReportReporter -->
<testsuite hostname="ASHKOL" failures="0" tests="1" name="testCases.LoginTests" time="1.565" errors="0" timestamp="2025-09-05T14:21:44 IST" skipped="0">
  <testcase classname="testCases.LoginTests" name="loginAccountUsingValidEmailAndInvalidPwd" time="1.565"/>
</testsuite> <!-- testCases.LoginTests -->
