<?xml version="1.0" encoding="UTF-8"?>
<!-- Generated by org.testng.reporters.JUnitReportReporter -->
<testsuite hostname="ASHKOL" failures="0" tests="1" name="testCases.TC0007_PasswordValidation" time="1.555" errors="0" timestamp="2025-07-26T17:21:52 IST" skipped="0">
  <testcase classname="testCases.TC0007_PasswordValidation" name="checkPasswordValidation" time="1.555"/>
</testsuite> <!-- testCases.TC0007_PasswordValidation -->
