<?xml version="1.0" encoding="UTF-8"?>
<!-- Generated by org.testng.reporters.JUnitReportReporter -->
<testsuite hostname="ASHKOL" failures="0" tests="1" name="testCases.RegisterFunctionality.TC018_RegisterFields_Height_Width_Characters_Validate" time="13.778" errors="0" timestamp="2025-08-25T16:24:56 IST" skipped="0">
  <testcase classname="testCases.RegisterFunctionality.TC018_RegisterFields_Height_Width_Characters_Validate" name="registerFieldsHeightAndWidth" time="13.778"/>
</testsuite> <!-- testCases.RegisterFunctionality.TC018_RegisterFields_Height_Width_Characters_Validate -->
