<?xml version="1.0" encoding="UTF-8"?>
<!-- Generated by org.testng.reporters.JUnitReportReporter -->
<testsuite hostname="ASHKOL" failures="0" tests="1" name="testCases.RegisterFunctionality.TC010_VerifyingRegisteringAccountByInvalidEmail" time="2.839" errors="0" timestamp="2025-08-19T22:22:34 IST" skipped="0">
  <testcase classname="testCases.RegisterFunctionality.TC010_VerifyingRegisteringAccountByInvalidEmail" name="verifyRegisterAccountByInvalidEmail" time="2.839"/>
</testsuite> <!-- testCases.RegisterFunctionality.TC010_VerifyingRegisteringAccountByInvalidEmail -->
