<?xml version="1.0" encoding="UTF-8"?>
<!-- Generated by org.testng.reporters.JUnitReportReporter -->
<testsuite hostname="ASHKOL" failures="0" tests="1" name="testCases.RegisterFunctionality.TC004_MandatoryFieldsNotifications" time="1.450" errors="0" timestamp="2025-08-23T23:48:43 IST" skipped="0">
  <testcase classname="testCases.RegisterFunctionality.TC004_MandatoryFieldsNotifications" name="accountRegistraion" time="1.450"/>
</testsuite> <!-- testCases.RegisterFunctionality.TC004_MandatoryFieldsNotifications -->
