<?xml version="1.0" encoding="UTF-8"?>
<!-- Generated by org.testng.reporters.JUnitReportReporter -->
<testsuite hostname="ASHKOL" failures="0" tests="1" name="testCases.TC0006_RequiredFieldValidation" time="1.912" errors="0" timestamp="2025-08-08T00:00:42 IST" skipped="0">
  <testcase classname="testCases.TC0006_RequiredFieldValidation" name="accountRegistraion" time="1.912"/>
</testsuite> <!-- testCases.TC0006_RequiredFieldValidation -->
