<?xml version="1.0" encoding="UTF-8"?>
<!-- Generated by org.testng.reporters.JUnitReportReporter -->
<testsuite hostname="ASHKOL" failures="0" tests="1" name="testCases.RegisterFunctionality.TC024_CheckConfirmPwdWarningMessage" time="2.775" errors="0" timestamp="2025-08-28T16:07:32 IST" skipped="0">
  <testcase classname="testCases.RegisterFunctionality.TC024_CheckConfirmPwdWarningMessage" name="emptyPwdFieldCheckConfirmPasswordMsgValidation" time="2.775"/>
</testsuite> <!-- testCases.RegisterFunctionality.TC024_CheckConfirmPwdWarningMessage -->
