<?xml version="1.0" encoding="UTF-8"?>
<!-- Generated by org.testng.reporters.JUnitReportReporter -->
<testsuite hostname="ASHKOL" failures="0" tests="1" name="testCases.RegisterFunctionality.TC008_WrongConfirmPasswordValidation" time="2.078" errors="0" timestamp="2025-08-19T18:28:42 IST" skipped="0">
  <testcase classname="testCases.RegisterFunctionality.TC008_WrongConfirmPasswordValidation" name="checkForWrongPasswordMsgValidation" time="2.078"/>
</testsuite> <!-- testCases.RegisterFunctionality.TC008_WrongConfirmPasswordValidation -->
