<?xml version="1.0" encoding="UTF-8"?>
<!-- Generated by org.testng.reporters.JUnitReportReporter -->
<testsuite hostname="ASHKOL" failures="0" tests="1" name="testCases.TC0004_AddToCartTest" time="1.392" errors="0" timestamp="2025-08-08T00:00:42 IST" skipped="0">
  <testcase classname="testCases.TC0004_AddToCartTest" name="AddTocartFromHomePage" time="1.392"/>
</testsuite> <!-- testCases.TC0004_AddToCartTest -->
