<?xml version="1.0" encoding="UTF-8"?>
<!-- Generated by org.testng.reporters.JUnitReportReporter -->
<testsuite hostname="ASHKOL" failures="0" tests="1" name="testCases.TC0016_SubscribeToNewsletter" time="3.190" errors="0" timestamp="2025-08-08T00:00:42 IST" skipped="0">
  <testcase classname="testCases.TC0016_SubscribeToNewsletter" name="subscribeToNewsletter" time="3.190"/>
</testsuite> <!-- testCases.TC0016_SubscribeToNewsletter -->
