<?xml version="1.0" encoding="UTF-8"?>
<!-- Generated by org.testng.reporters.JUnitReportReporter -->
<testsuite hostname="ASHKOL" failures="0" tests="1" name="testCases.RegisterFunctionality.TC015_EnterSpaceInMandatoryFields" time="2.665" errors="0" timestamp="2025-08-23T23:48:43 IST" skipped="0">
  <testcase classname="testCases.RegisterFunctionality.TC015_EnterSpaceInMandatoryFields" name="enterSpaceMandatoryValidationMeassage" time="2.665"/>
</testsuite> <!-- testCases.RegisterFunctionality.TC015_EnterSpaceInMandatoryFields -->
