<?xml version="1.0" encoding="UTF-8"?>
<!-- Generated by org.testng.reporters.JUnitReportReporter -->
<testsuite hostname="ASHKOL" failures="0" tests="1" name="testCases.TC0001_AccountRegistrationTest" time="3.323" errors="0" timestamp="2025-08-14T16:36:13 IST" skipped="0">
  <testcase classname="testCases.TC0001_AccountRegistrationTest" name="accountRegistraion" time="3.323"/>
</testsuite> <!-- testCases.TC0001_AccountRegistrationTest -->
