<?xml version="1.0" encoding="UTF-8"?>
<!-- Generated by org.testng.reporters.JUnitReportReporter -->
<testsuite hostname="ASHKOL" failures="0" tests="1" name="testCases.TC0018_ToolTipValidationMessageForEmail" time="1.436" errors="0" timestamp="2025-09-01T15:15:54 IST" skipped="0">
  <testcase classname="testCases.TC0018_ToolTipValidationMessageForEmail" name="emailVerfication" time="1.436"/>
</testsuite> <!-- testCases.TC0018_ToolTipValidationMessageForEmail -->
