<?xml version="1.0" encoding="UTF-8"?>
<!-- Generated by org.testng.reporters.JUnitReportReporter -->
<testsuite hostname="ASHKOL" failures="0" tests="3" name="testCases.TC0003_LoginWithExcelDataTest" time="8.095" errors="0" timestamp="2025-08-08T00:00:42 IST" skipped="0">
  <testcase classname="testCases.TC0003_LoginWithExcelDataTest" name="LoginTestData" time="2.887"/>
  <testcase classname="testCases.TC0003_LoginWithExcelDataTest" name="LoginTestData" time="2.636"/>
  <testcase classname="testCases.TC0003_LoginWithExcelDataTest" name="LoginTestData" time="2.572"/>
</testsuite> <!-- testCases.TC0003_LoginWithExcelDataTest -->
