<?xml version="1.0" encoding="UTF-8"?>
<!-- Generated by org.testng.reporters.JUnitReportReporter -->
<testsuite hostname="ASHKOL" failures="0" tests="1" name="testCases.TC0016_SubscribeToNewsletter" time="2.989" errors="0" timestamp="2025-08-23T17:07:25 IST" skipped="0">
  <testcase classname="testCases.TC0016_SubscribeToNewsletter" name="subscribeToNewsletter" time="2.989"/>
</testsuite> <!-- testCases.TC0016_SubscribeToNewsletter -->
