<?xml version="1.0" encoding="UTF-8"?>
<!-- Generated by org.testng.reporters.JUnitReportReporter -->
<testsuite hostname="ASHKOL" failures="0" tests="1" name="testCases.TC0001_AccountRegistrationTest" time="2.831" errors="0" timestamp="2025-08-03T17:01:41 IST" skipped="0">
  <testcase classname="testCases.TC0001_AccountRegistrationTest" name="accountRegistraion" time="2.831"/>
</testsuite> <!-- testCases.TC0001_AccountRegistrationTest -->
