<?xml version="1.0" encoding="UTF-8"?>
<!-- Generated by org.testng.reporters.JUnitReportReporter -->
<testsuite hostname="ASHKOL" failures="0" tests="1" name="testCases.RegisterFunctionality.TC014_CheckifAstreixIsPresentForMandatoryFields" time="1.042" errors="0" timestamp="2025-08-23T16:56:25 IST" skipped="0">
  <testcase classname="testCases.RegisterFunctionality.TC014_CheckifAstreixIsPresentForMandatoryFields" name="registerWithInvalidPhoneNumber" time="1.042"/>
</testsuite> <!-- testCases.RegisterFunctionality.TC014_CheckifAstreixIsPresentForMandatoryFields -->
