<?xml version="1.0" encoding="UTF-8"?>
<!-- Generated by org.testng.reporters.JUnitReportReporter -->
<testsuite hostname="ASHKOL" failures="0" tests="2" name="testCases.RegisterFunctionality.TC005_YesOptionForNewsLetterField" time="6.950" errors="0" timestamp="2025-08-23T17:07:24 IST" skipped="0">
  <testcase classname="testCases.RegisterFunctionality.TC005_YesOptionForNewsLetterField" name="accountRegistraion" time="3.477"/>
  <testcase classname="testCases.RegisterFunctionality.TC005_YesOptionForNewsLetterField" name="accountRegistraion" time="3.473"/>
</testsuite> <!-- testCases.RegisterFunctionality.TC005_YesOptionForNewsLetterField -->
