<?xml version="1.0" encoding="UTF-8"?>
<!-- Generated by org.testng.reporters.JUnitReportReporter -->
<testsuite hostname="ASHKOL" failures="0" tests="1" name="testCases.RegisterFunctionality.TC009_VerifyRegisterAccountByExistingAccount" time="1.978" errors="0" timestamp="2025-08-23T17:07:25 IST" skipped="0">
  <testcase classname="testCases.RegisterFunctionality.TC009_VerifyRegisterAccountByExistingAccount" name="verifyRegisterAccount" time="1.978"/>
</testsuite> <!-- testCases.RegisterFunctionality.TC009_VerifyRegisterAccountByExistingAccount -->
