<?xml version="1.0" encoding="UTF-8"?>
<!-- Generated by org.testng.reporters.JUnitReportReporter -->
<testsuite hostname="ASHKOL" failures="0" tests="1" name="testCases.TC0015_CheckProductCompare" time="5.202" errors="0" timestamp="2025-08-23T17:07:24 IST" skipped="0">
  <testcase classname="testCases.TC0015_CheckProductCompare" name="isProductAvailableBySearch" time="5.202"/>
</testsuite> <!-- testCases.TC0015_CheckProductCompare -->
