<?xml version="1.0" encoding="UTF-8"?>
<!-- Generated by org.testng.reporters.JUnitReportReporter -->
<testsuite hostname="ASHKOL" failures="0" tests="1" name="testCases.TC0009_ForgotPassword" time="6.247" errors="0" timestamp="2025-08-23T17:07:25 IST" skipped="0">
  <testcase classname="testCases.TC0009_ForgotPassword" name="emailValidation" time="6.247"/>
</testsuite> <!-- testCases.TC0009_ForgotPassword -->
