<?xml version="1.0" encoding="UTF-8"?>
<!-- Generated by org.testng.reporters.JUnitReportReporter -->
<testsuite hostname="ASHKOL" failures="0" tests="1" name="testCases.TC0005_AddMultipleProductsToCartTest" time="7.264" errors="0" timestamp="2025-08-03T17:01:41 IST" skipped="0">
  <testcase classname="testCases.TC0005_AddMultipleProductsToCartTest" name="addMultipleToCartFromLaptopsAndNoteBook" time="7.264"/>
</testsuite> <!-- testCases.TC0005_AddMultipleProductsToCartTest -->
