<?xml version="1.0" encoding="UTF-8"?>
<!-- Generated by org.testng.reporters.JUnitReportReporter -->
<testsuite hostname="ASHKOL" failures="0" tests="1" name="testCases.RegisterFunctionality.TC013_VerifyRegisterPlaceholder" time="1.028" errors="0" timestamp="2025-08-23T16:56:25 IST" skipped="0">
  <testcase classname="testCases.RegisterFunctionality.TC013_VerifyRegisterPlaceholder" name="verifyRegisterPlaceholder" time="1.028"/>
</testsuite> <!-- testCases.RegisterFunctionality.TC013_VerifyRegisterPlaceholder -->
