<?xml version="1.0" encoding="UTF-8"?>
<!-- Generated by org.testng.reporters.JUnitReportReporter -->
<testsuite hostname="ASHKOL" failures="0" tests="1" name="testCases.TC0005_AddMultipleProductsToCartTest" time="10.246" errors="0" timestamp="2025-08-23T17:07:25 IST" skipped="0">
  <testcase classname="testCases.TC0005_AddMultipleProductsToCartTest" name="addMultipleToCartFromLaptopsAndNoteBook" time="10.246"/>
</testsuite> <!-- testCases.TC0005_AddMultipleProductsToCartTest -->
