<?xml version="1.0" encoding="UTF-8"?>
<!-- Generated by org.testng.reporters.JUnitReportReporter -->
<testsuite hostname="ASHKOL" failures="0" tests="1" name="testCases.RegisterFunctionality.TC007_NavigateToRegisterAccountPage" time="2.320" errors="0" timestamp="2025-08-23T17:07:24 IST" skipped="0">
  <testcase classname="testCases.RegisterFunctionality.TC007_NavigateToRegisterAccountPage" name="differentWaysToRegisterPage" time="2.320"/>
</testsuite> <!-- testCases.RegisterFunctionality.TC007_NavigateToRegisterAccountPage -->
