<?xml version="1.0" encoding="UTF-8"?>
<!-- Generated by org.testng.reporters.JUnitReportReporter -->
<testsuite hostname="ASHKOL" failures="0" tests="3" name="testCases.TC0003_LoginWithExcelDataTest" time="8.028" errors="0" timestamp="2025-08-03T17:01:41 IST" skipped="0">
  <testcase classname="testCases.TC0003_LoginWithExcelDataTest" name="LoginTestData" time="2.648"/>
  <testcase classname="testCases.TC0003_LoginWithExcelDataTest" name="LoginTestData" time="2.663"/>
  <testcase classname="testCases.TC0003_LoginWithExcelDataTest" name="LoginTestData" time="2.717"/>
</testsuite> <!-- testCases.TC0003_LoginWithExcelDataTest -->
