<?xml version="1.0" encoding="UTF-8"?>
<!-- Generated by org.testng.reporters.JUnitReportReporter -->
<testsuite hostname="ASHKOL" failures="0" tests="2" name="testCases.RegisterFunctionality.TC004_MandatoryFieldsNotifications" time="3.443" errors="0" timestamp="2025-08-23T17:07:25 IST" skipped="0">
  <testcase classname="testCases.RegisterFunctionality.TC004_MandatoryFieldsNotifications" name="accountRegistraion" time="1.771"/>
  <testcase classname="testCases.RegisterFunctionality.TC004_MandatoryFieldsNotifications" name="accountRegistraion" time="1.672"/>
</testsuite> <!-- testCases.RegisterFunctionality.TC004_MandatoryFieldsNotifications -->
