<?xml version="1.0" encoding="UTF-8"?>
<!-- Generated by org.testng.reporters.JUnitReportReporter -->
<testsuite hostname="ASHKOL" failures="0" tests="1" name="testCases.TC0010_SearchFunctionality" time="0.842" errors="0" timestamp="2025-08-23T17:07:25 IST" skipped="0">
  <testcase classname="testCases.TC0010_SearchFunctionality" name="isProductAvailableBySearch" time="0.842"/>
</testsuite> <!-- testCases.TC0010_SearchFunctionality -->
