<?xml version="1.0" encoding="UTF-8"?>
<!-- Generated by org.testng.reporters.JUnitReportReporter -->
<testsuite hostname="ASHKOL" failures="0" tests="1" name="testCases.TC0013_CheckCartCount" time="1.399" errors="0" timestamp="2025-08-23T17:07:25 IST" skipped="0">
  <testcase classname="testCases.TC0013_CheckCartCount" name="AddTocartFromHomePage" time="1.399"/>
</testsuite> <!-- testCases.TC0013_CheckCartCount -->
