<?xml version="1.0" encoding="UTF-8"?>
<!-- Generated by org.testng.reporters.JUnitReportReporter -->
<testsuite hostname="ASHKOL" failures="0" tests="1" name="testCases.TC0008_EmailValidations" time="1.669" errors="0" timestamp="2025-08-03T17:01:41 IST" skipped="0">
  <testcase classname="testCases.TC0008_EmailValidations" name="emailValidation" time="1.669"/>
</testsuite> <!-- testCases.TC0008_EmailValidations -->
