<?xml version="1.0" encoding="UTF-8"?>
<!-- Generated by org.testng.reporters.JUnitReportReporter -->
<testsuite hostname="ASHKOL" failures="0" tests="2" name="testCases.TC0001_AccountRegistrationTest" time="5.990" errors="0" timestamp="2025-08-23T17:07:25 IST" skipped="0">
  <testcase classname="testCases.TC0001_AccountRegistrationTest" name="accountRegistraion" time="2.876"/>
  <testcase classname="testCases.TC0001_AccountRegistrationTest" name="accountRegistraion" time="3.114"/>
</testsuite> <!-- testCases.TC0001_AccountRegistrationTest -->
